<?xml version="1.0" encoding="UTF-8"?>
<!-- Generated by org.testng.reporters.JUnitXMLReporter -->
<testsuite hostname="unknown14109fe02b7d.att.net" name="AndroidTest" tests="20" failures="9" timestamp="31 May 2013 16:25:26 GMT" time="261.816" errors="0">
  <testcase name="googleSearch" time="22.458" classname="com.sjsu.tests.AmazonShoppingCartTest"/>
  <testcase name="gmailLogin" time="28.824" classname="com.sjsu.tests.MultipleGmailLogIn">
    <failure type="java.lang.AssertionError" message="Gmail Login Failed expected [true] but found [false]">
      <![CDATA[java.lang.AssertionError: Gmail Login Failed expected [true] but found [false]
	at org.testng.Assert.fail(Assert.java:94)
	at org.testng.Assert.failNotEquals(Assert.java:494)
	at org.testng.Assert.assertTrue(Assert.java:42)
	at com.sjsu.tests.MultipleGmailLogIn.gmailLogin(MultipleGmailLogIn.java:221)
	at sun.reflect.NativeMethodAccessorImpl.invoke0(Native Method)
	at sun.reflect.NativeMethodAccessorImpl.invoke(NativeMethodAccessorImpl.java:39)
	at sun.reflect.DelegatingMethodAccessorImpl.invoke(DelegatingMethodAccessorImpl.java:25)
	at java.lang.reflect.Method.invoke(Method.java:597)
	at org.testng.internal.MethodInvocationHelper.invokeMethod(MethodInvocationHelper.java:80)
	at org.testng.internal.Invoker.invokeMethod(Invoker.java:714)
	at org.testng.internal.Invoker.invokeTestMethod(Invoker.java:901)
	at org.testng.internal.Invoker.invokeTestMethods(Invoker.java:1231)
	at org.testng.internal.TestMethodWorker.invokeTestMethods(TestMethodWorker.java:127)
	at org.testng.internal.TestMethodWorker.run(TestMethodWorker.java:111)
	at org.testng.internal.thread.ThreadUtil$2.call(ThreadUtil.java:64)
	at java.util.concurrent.FutureTask$Sync.innerRun(FutureTask.java:303)
	at java.util.concurrent.FutureTask.run(FutureTask.java:138)
	at java.util.concurrent.ThreadPoolExecutor$Worker.runTask(ThreadPoolExecutor.java:895)
	at java.util.concurrent.ThreadPoolExecutor$Worker.run(ThreadPoolExecutor.java:918)
	at java.lang.Thread.run(Thread.java:680)
]]>
    </failure>
  </testcase> <!-- gmailLogin -->
  <testcase name="gmailLogin" time="38.109" classname="com.sjsu.tests.MultipleGmailLogIn">
    <failure type="java.lang.AssertionError" message="Gmail Login Failed expected [true] but found [false]">
      <![CDATA[java.lang.AssertionError: Gmail Login Failed expected [true] but found [false]
	at org.testng.Assert.fail(Assert.java:94)
	at org.testng.Assert.failNotEquals(Assert.java:494)
	at org.testng.Assert.assertTrue(Assert.java:42)
	at com.sjsu.tests.MultipleGmailLogIn.gmailLogin(MultipleGmailLogIn.java:221)
	at sun.reflect.NativeMethodAccessorImpl.invoke0(Native Method)
	at sun.reflect.NativeMethodAccessorImpl.invoke(NativeMethodAccessorImpl.java:39)
	at sun.reflect.DelegatingMethodAccessorImpl.invoke(DelegatingMethodAccessorImpl.java:25)
	at java.lang.reflect.Method.invoke(Method.java:597)
	at org.testng.internal.MethodInvocationHelper.invokeMethod(MethodInvocationHelper.java:80)
	at org.testng.internal.Invoker.invokeMethod(Invoker.java:714)
	at org.testng.internal.Invoker.invokeTestMethod(Invoker.java:901)
	at org.testng.internal.Invoker.invokeTestMethods(Invoker.java:1231)
	at org.testng.internal.TestMethodWorker.invokeTestMethods(TestMethodWorker.java:127)
	at org.testng.internal.TestMethodWorker.run(TestMethodWorker.java:111)
	at org.testng.internal.thread.ThreadUtil$2.call(ThreadUtil.java:64)
	at java.util.concurrent.FutureTask$Sync.innerRun(FutureTask.java:303)
	at java.util.concurrent.FutureTask.run(FutureTask.java:138)
	at java.util.concurrent.ThreadPoolExecutor$Worker.runTask(ThreadPoolExecutor.java:895)
	at java.util.concurrent.ThreadPoolExecutor$Worker.run(ThreadPoolExecutor.java:918)
	at java.lang.Thread.run(Thread.java:680)
]]>
    </failure>
  </testcase> <!-- gmailLogin -->
  <testcase name="gmailLogin" time="47.906" classname="com.sjsu.tests.MultipleGmailLogIn">
    <failure type="java.lang.AssertionError" message="Gmail Login Failed expected [true] but found [false]">
      <![CDATA[java.lang.AssertionError: Gmail Login Failed expected [true] but found [false]
	at org.testng.Assert.fail(Assert.java:94)
	at org.testng.Assert.failNotEquals(Assert.java:494)
	at org.testng.Assert.assertTrue(Assert.java:42)
	at com.sjsu.tests.MultipleGmailLogIn.gmailLogin(MultipleGmailLogIn.java:221)
	at sun.reflect.NativeMethodAccessorImpl.invoke0(Native Method)
	at sun.reflect.NativeMethodAccessorImpl.invoke(NativeMethodAccessorImpl.java:39)
	at sun.reflect.DelegatingMethodAccessorImpl.invoke(DelegatingMethodAccessorImpl.java:25)
	at java.lang.reflect.Method.invoke(Method.java:597)
	at org.testng.internal.MethodInvocationHelper.invokeMethod(MethodInvocationHelper.java:80)
	at org.testng.internal.Invoker.invokeMethod(Invoker.java:714)
	at org.testng.internal.Invoker.invokeTestMethod(Invoker.java:901)
	at org.testng.internal.Invoker.invokeTestMethods(Invoker.java:1231)
	at org.testng.internal.TestMethodWorker.invokeTestMethods(TestMethodWorker.java:127)
	at org.testng.internal.TestMethodWorker.run(TestMethodWorker.java:111)
	at org.testng.internal.thread.ThreadUtil$2.call(ThreadUtil.java:64)
	at java.util.concurrent.FutureTask$Sync.innerRun(FutureTask.java:303)
	at java.util.concurrent.FutureTask.run(FutureTask.java:138)
	at java.util.concurrent.ThreadPoolExecutor$Worker.runTask(ThreadPoolExecutor.java:895)
	at java.util.concurrent.ThreadPoolExecutor$Worker.run(ThreadPoolExecutor.java:918)
	at java.lang.Thread.run(Thread.java:680)
]]>
    </failure>
  </testcase> <!-- gmailLogin -->
  <testcase name="googleSearch" time="63.684" classname="com.sjsu.tests.AmazonShoppingCartTest"/>
  <testcase name="googleSearch" time="83.355" classname="com.sjsu.tests.AmazonShoppingCartTest">
    <failure type="org.openqa.selenium.NoSuchElementException" message="Unable to locate element: {&amp;quot;method&amp;quot;:&amp;quot;id&amp;quot;,&amp;quot;selector&amp;quot;:&amp;quot;add-to-cart-button&amp;quot;}
Command duration or timeout: 11.59 seconds
For documentation on this error, please visit: http://seleniumhq.org/exceptions/no_such_element.html
Build info: version: &amp;apos;2.32.0&amp;apos;, revision: &amp;apos;6c40c18&amp;apos;, time: &amp;apos;2013-04-09 17:22:56&amp;apos;
System info: os.name: &amp;apos;Mac OS X&amp;apos;, os.arch: &amp;apos;x86_64&amp;apos;, os.version: &amp;apos;10.8.3&amp;apos;, java.version: &amp;apos;1.6.0_43&amp;apos;
Session ID: 0cc5c600-fcb5-be48-a2bb-a20b44e94679
Driver info: org.openqa.selenium.firefox.FirefoxDriver
Capabilities [{platform=MAC, acceptSslCerts=true, javascriptEnabled=true, browserName=firefox, rotatable=false, locationContextEnabled=true, version=21.0, cssSelectorsEnabled=true, databaseEnabled=true, handlesAlerts=true, browserConnectionEnabled=true, nativeEvents=false, webStorageEnabled=true, applicationCacheEnabled=true, takesScreenshot=true}]
Command duration or timeout: 12.14 seconds
For documentation on this error, please visit: http://seleniumhq.org/exceptions/no_such_element.html
Build info: version: &amp;apos;2.31.0&amp;apos;, revision: &amp;apos;1bd294d&amp;apos;, time: &amp;apos;2013-02-27 20:53:56&amp;apos;
System info: os.name: &amp;apos;Mac OS X&amp;apos;, os.arch: &amp;apos;x86_64&amp;apos;, os.version: &amp;apos;10.8.3&amp;apos;, java.version: &amp;apos;1.6.0_41&amp;apos;
Session ID: 60de1191-1c02-4d46-835c-094c23afb833
Driver info: org.openqa.selenium.remote.RemoteWebDriver
Capabilities [{platform=MAC, acceptSslCerts=true, javascriptEnabled=true, browserName=firefox, rotatable=false, locationContextEnabled=true, webdriver.remote.sessionid=60de1191-1c02-4d46-835c-094c23afb833, version=21.0, cssSelectorsEnabled=true, databaseEnabled=true, handlesAlerts=true, browserConnectionEnabled=true, webStorageEnabled=true, nativeEvents=false, applicationCacheEnabled=true, takesScreenshot=true}]">
      <![CDATA[org.openqa.selenium.NoSuchElementException: Unable to locate element: {"method":"id","selector":"add-to-cart-button"}
Command duration or timeout: 11.59 seconds
For documentation on this error, please visit: http://seleniumhq.org/exceptions/no_such_element.html
Build info: version: '2.32.0', revision: '6c40c18', time: '2013-04-09 17:22:56'
System info: os.name: 'Mac OS X', os.arch: 'x86_64', os.version: '10.8.3', java.version: '1.6.0_43'
Session ID: 0cc5c600-fcb5-be48-a2bb-a20b44e94679
Driver info: org.openqa.selenium.firefox.FirefoxDriver
Capabilities [{platform=MAC, acceptSslCerts=true, javascriptEnabled=true, browserName=firefox, rotatable=false, locationContextEnabled=true, version=21.0, cssSelectorsEnabled=true, databaseEnabled=true, handlesAlerts=true, browserConnectionEnabled=true, nativeEvents=false, webStorageEnabled=true, applicationCacheEnabled=true, takesScreenshot=true}]
Command duration or timeout: 12.14 seconds
For documentation on this error, please visit: http://seleniumhq.org/exceptions/no_such_element.html
Build info: version: '2.31.0', revision: '1bd294d', time: '2013-02-27 20:53:56'
System info: os.name: 'Mac OS X', os.arch: 'x86_64', os.version: '10.8.3', java.version: '1.6.0_41'
Session ID: 60de1191-1c02-4d46-835c-094c23afb833
Driver info: org.openqa.selenium.remote.RemoteWebDriver
Capabilities [{platform=MAC, acceptSslCerts=true, javascriptEnabled=true, browserName=firefox, rotatable=false, locationContextEnabled=true, webdriver.remote.sessionid=60de1191-1c02-4d46-835c-094c23afb833, version=21.0, cssSelectorsEnabled=true, databaseEnabled=true, handlesAlerts=true, browserConnectionEnabled=true, webStorageEnabled=true, nativeEvents=false, applicationCacheEnabled=true, takesScreenshot=true}]
	at sun.reflect.NativeConstructorAccessorImpl.newInstance0(Native Method)
	at sun.reflect.NativeConstructorAccessorImpl.newInstance(NativeConstructorAccessorImpl.java:39)
	at sun.reflect.DelegatingConstructorAccessorImpl.newInstance(DelegatingConstructorAccessorImpl.java:27)
	at java.lang.reflect.Constructor.newInstance(Constructor.java:513)
	at org.openqa.selenium.remote.ErrorHandler.createThrowable(ErrorHandler.java:187)
	at org.openqa.selenium.remote.ErrorHandler.throwIfResponseFailed(ErrorHandler.java:145)
	at org.openqa.selenium.remote.RemoteWebDriver.execute(RemoteWebDriver.java:554)
	at org.openqa.selenium.remote.RemoteWebDriver.findElement(RemoteWebDriver.java:307)
	at org.openqa.selenium.remote.RemoteWebDriver.findElementById(RemoteWebDriver.java:348)
	at org.openqa.selenium.By$ById.findElement(By.java:216)
	at org.openqa.selenium.remote.RemoteWebDriver.findElement(RemoteWebDriver.java:299)
	at com.sjsu.tests.AmazonShoppingCartTest.googleSearch(AmazonShoppingCartTest.java:157)
	at sun.reflect.NativeMethodAccessorImpl.invoke0(Native Method)
	at sun.reflect.NativeMethodAccessorImpl.invoke(NativeMethodAccessorImpl.java:39)
	at sun.reflect.DelegatingMethodAccessorImpl.invoke(DelegatingMethodAccessorImpl.java:25)
	at java.lang.reflect.Method.invoke(Method.java:597)
	at org.testng.internal.MethodInvocationHelper.invokeMethod(MethodInvocationHelper.java:80)
	at org.testng.internal.Invoker.invokeMethod(Invoker.java:714)
	at org.testng.internal.Invoker.invokeTestMethod(Invoker.java:901)
	at org.testng.internal.Invoker.invokeTestMethods(Invoker.java:1231)
	at org.testng.internal.TestMethodWorker.invokeTestMethods(TestMethodWorker.java:127)
	at org.testng.internal.TestMethodWorker.run(TestMethodWorker.java:111)
	at org.testng.internal.thread.ThreadUtil$2.call(ThreadUtil.java:64)
	at java.util.concurrent.FutureTask$Sync.innerRun(FutureTask.java:303)
	at java.util.concurrent.FutureTask.run(FutureTask.java:138)
	at java.util.concurrent.ThreadPoolExecutor$Worker.runTask(ThreadPoolExecutor.java:895)
	at java.util.concurrent.ThreadPoolExecutor$Worker.run(ThreadPoolExecutor.java:918)
	at java.lang.Thread.run(Thread.java:680)
Caused by: org.openqa.selenium.remote.ScreenshotException: Screen shot has been taken
Build info: version: '2.31.0', revision: '1bd294d', time: '2013-02-27 20:53:56'
System info: os.name: 'Mac OS X', os.arch: 'x86_64', os.version: '10.8.3', java.version: '1.6.0_41'
Driver info: driver.version: RemoteWebDriver
	at org.openqa.selenium.remote.ErrorHandler.throwIfResponseFailed(ErrorHandler.java:125)
	... 22 more
Caused by: org.openqa.selenium.NoSuchElementException: Unable to locate element: {"method":"id","selector":"add-to-cart-button"}
Command duration or timeout: 11.59 seconds
For documentation on this error, please visit: http://seleniumhq.org/exceptions/no_such_element.html
Build info: version: '2.32.0', revision: '6c40c18', time: '2013-04-09 17:22:56'
System info: os.name: 'Mac OS X', os.arch: 'x86_64', os.version: '10.8.3', java.version: '1.6.0_43'
Session ID: 0cc5c600-fcb5-be48-a2bb-a20b44e94679
Driver info: org.openqa.selenium.firefox.FirefoxDriver
Capabilities [{platform=MAC, acceptSslCerts=true, javascriptEnabled=true, browserName=firefox, rotatable=false, locationContextEnabled=true, version=21.0, cssSelectorsEnabled=true, databaseEnabled=true, handlesAlerts=true, browserConnectionEnabled=true, nativeEvents=false, webStorageEnabled=true, applicationCacheEnabled=true, takesScreenshot=true}]
For documentation on this error, please visit: http://seleniumhq.org/exceptions/no_such_element.html
Build info: version: '2.31.0', revision: '1bd294d', time: '2013-02-27 20:53:56'
System info: os.name: 'Mac OS X', os.arch: 'x86_64', os.version: '10.8.3', java.version: '1.6.0_41'
Driver info: driver.version: EventFiringWebDriver
	at sun.reflect.NativeConstructorAccessorImpl.newInstance0(Native Method)
	at sun.reflect.NativeConstructorAccessorImpl.newInstance(NativeConstructorAccessorImpl.java:39)
	at sun.reflect.DelegatingConstructorAccessorImpl.newInstance(DelegatingConstructorAccessorImpl.java:27)
	at java.lang.reflect.Constructor.newInstance(Constructor.java:513)
	at org.openqa.selenium.remote.ErrorHandler.createThrowable(ErrorHandler.java:187)
	at org.openqa.selenium.remote.ErrorHandler.throwIfResponseFailed(ErrorHandler.java:145)
	at org.openqa.selenium.remote.RemoteWebDriver.execute(RemoteWebDriver.java:554)
	at org.openqa.selenium.remote.RemoteWebDriver.findElement(RemoteWebDriver.java:307)
	at org.openqa.selenium.remote.RemoteWebDriver.findElementById(RemoteWebDriver.java:348)
	at org.openqa.selenium.By$ById.findElement(By.java:216)
	at org.openqa.selenium.remote.RemoteWebDriver.findElement(RemoteWebDriver.java:299)
	at sun.reflect.GeneratedMethodAccessor23.invoke(Unknown Source)
	at sun.reflect.DelegatingMethodAccessorImpl.invoke(DelegatingMethodAccessorImpl.java:25)
	at java.lang.reflect.Method.invoke(Method.java:597)
	at org.openqa.selenium.support.events.EventFiringWebDriver$2.invoke(EventFiringWebDriver.java:101)
	at com.sun.proxy.$Proxy1.findElement(Unknown Source)
	at org.openqa.selenium.support.events.EventFiringWebDriver.findElement(EventFiringWebDriver.java:180)
	at org.openqa.selenium.remote.server.handler.FindElement.call(FindElement.java:47)
	at org.openqa.selenium.remote.server.handler.FindElement.call(FindElement.java:1)
	at java.util.concurrent.FutureTask$Sync.innerRun(FutureTask.java:303)
	at java.util.concurrent.FutureTask.run(FutureTask.java:138)
	at org.openqa.selenium.remote.server.DefaultSession$1.run(DefaultSession.java:169)
	... 3 more
]]>
    </failure>
  </testcase> <!-- googleSearch -->
  <testcase name="googleSearch" time="75.834" classname="com.sjsu.tests.AmazonShoppingCartTest"/>
  <testcase name="gmailLogin" time="78.279" classname="com.sjsu.tests.MultipleGmailLogIn"/>
  <testcase name="gmailLogin" time="77.618" classname="com.sjsu.tests.MultipleGmailLogIn"/>
  <testcase name="gmailLogin" time="76.082" classname="com.sjsu.tests.MultipleGmailLogIn"/>
  <testcase name="googleSearch" time="80.574" classname="com.sjsu.tests.AmazonShoppingCartTest">
    <failure type="org.openqa.selenium.NoSuchElementException" message="Unable to locate element: {&amp;quot;method&amp;quot;:&amp;quot;id&amp;quot;,&amp;quot;selector&amp;quot;:&amp;quot;add-to-cart-button&amp;quot;}
Command duration or timeout: 11.33 seconds
For documentation on this error, please visit: http://seleniumhq.org/exceptions/no_such_element.html
Build info: version: &amp;apos;2.32.0&amp;apos;, revision: &amp;apos;6c40c18&amp;apos;, time: &amp;apos;2013-04-09 17:22:56&amp;apos;
System info: os.name: &amp;apos;Mac OS X&amp;apos;, os.arch: &amp;apos;x86_64&amp;apos;, os.version: &amp;apos;10.8.3&amp;apos;, java.version: &amp;apos;1.6.0_43&amp;apos;
Session ID: 6479c10e-0d57-e144-9787-9f092906fb77
Driver info: org.openqa.selenium.firefox.FirefoxDriver
Capabilities [{platform=MAC, acceptSslCerts=true, javascriptEnabled=true, browserName=firefox, rotatable=false, locationContextEnabled=true, version=21.0, cssSelectorsEnabled=true, databaseEnabled=true, handlesAlerts=true, browserConnectionEnabled=true, nativeEvents=false, webStorageEnabled=true, applicationCacheEnabled=true, takesScreenshot=true}]
Command duration or timeout: 11.83 seconds
For documentation on this error, please visit: http://seleniumhq.org/exceptions/no_such_element.html
Build info: version: &amp;apos;2.31.0&amp;apos;, revision: &amp;apos;1bd294d&amp;apos;, time: &amp;apos;2013-02-27 20:53:56&amp;apos;
System info: os.name: &amp;apos;Mac OS X&amp;apos;, os.arch: &amp;apos;x86_64&amp;apos;, os.version: &amp;apos;10.8.3&amp;apos;, java.version: &amp;apos;1.6.0_41&amp;apos;
Session ID: f56b5e87-36fc-4718-a946-1edfcf0609e1
Driver info: org.openqa.selenium.remote.RemoteWebDriver
Capabilities [{platform=MAC, acceptSslCerts=true, javascriptEnabled=true, browserName=firefox, rotatable=false, locationContextEnabled=true, webdriver.remote.sessionid=f56b5e87-36fc-4718-a946-1edfcf0609e1, version=21.0, cssSelectorsEnabled=true, databaseEnabled=true, handlesAlerts=true, browserConnectionEnabled=true, webStorageEnabled=true, nativeEvents=false, applicationCacheEnabled=true, takesScreenshot=true}]">
      <![CDATA[org.openqa.selenium.NoSuchElementException: Unable to locate element: {"method":"id","selector":"add-to-cart-button"}
Command duration or timeout: 11.33 seconds
For documentation on this error, please visit: http://seleniumhq.org/exceptions/no_such_element.html
Build info: version: '2.32.0', revision: '6c40c18', time: '2013-04-09 17:22:56'
System info: os.name: 'Mac OS X', os.arch: 'x86_64', os.version: '10.8.3', java.version: '1.6.0_43'
Session ID: 6479c10e-0d57-e144-9787-9f092906fb77
Driver info: org.openqa.selenium.firefox.FirefoxDriver
Capabilities [{platform=MAC, acceptSslCerts=true, javascriptEnabled=true, browserName=firefox, rotatable=false, locationContextEnabled=true, version=21.0, cssSelectorsEnabled=true, databaseEnabled=true, handlesAlerts=true, browserConnectionEnabled=true, nativeEvents=false, webStorageEnabled=true, applicationCacheEnabled=true, takesScreenshot=true}]
Command duration or timeout: 11.83 seconds
For documentation on this error, please visit: http://seleniumhq.org/exceptions/no_such_element.html
Build info: version: '2.31.0', revision: '1bd294d', time: '2013-02-27 20:53:56'
System info: os.name: 'Mac OS X', os.arch: 'x86_64', os.version: '10.8.3', java.version: '1.6.0_41'
Session ID: f56b5e87-36fc-4718-a946-1edfcf0609e1
Driver info: org.openqa.selenium.remote.RemoteWebDriver
Capabilities [{platform=MAC, acceptSslCerts=true, javascriptEnabled=true, browserName=firefox, rotatable=false, locationContextEnabled=true, webdriver.remote.sessionid=f56b5e87-36fc-4718-a946-1edfcf0609e1, version=21.0, cssSelectorsEnabled=true, databaseEnabled=true, handlesAlerts=true, browserConnectionEnabled=true, webStorageEnabled=true, nativeEvents=false, applicationCacheEnabled=true, takesScreenshot=true}]
	at sun.reflect.NativeConstructorAccessorImpl.newInstance0(Native Method)
	at sun.reflect.NativeConstructorAccessorImpl.newInstance(NativeConstructorAccessorImpl.java:39)
	at sun.reflect.DelegatingConstructorAccessorImpl.newInstance(DelegatingConstructorAccessorImpl.java:27)
	at java.lang.reflect.Constructor.newInstance(Constructor.java:513)
	at org.openqa.selenium.remote.ErrorHandler.createThrowable(ErrorHandler.java:187)
	at org.openqa.selenium.remote.ErrorHandler.throwIfResponseFailed(ErrorHandler.java:145)
	at org.openqa.selenium.remote.RemoteWebDriver.execute(RemoteWebDriver.java:554)
	at org.openqa.selenium.remote.RemoteWebDriver.findElement(RemoteWebDriver.java:307)
	at org.openqa.selenium.remote.RemoteWebDriver.findElementById(RemoteWebDriver.java:348)
	at org.openqa.selenium.By$ById.findElement(By.java:216)
	at org.openqa.selenium.remote.RemoteWebDriver.findElement(RemoteWebDriver.java:299)
	at com.sjsu.tests.AmazonShoppingCartTest.googleSearch(AmazonShoppingCartTest.java:157)
	at sun.reflect.NativeMethodAccessorImpl.invoke0(Native Method)
	at sun.reflect.NativeMethodAccessorImpl.invoke(NativeMethodAccessorImpl.java:39)
	at sun.reflect.DelegatingMethodAccessorImpl.invoke(DelegatingMethodAccessorImpl.java:25)
	at java.lang.reflect.Method.invoke(Method.java:597)
	at org.testng.internal.MethodInvocationHelper.invokeMethod(MethodInvocationHelper.java:80)
	at org.testng.internal.Invoker.invokeMethod(Invoker.java:714)
	at org.testng.internal.Invoker.invokeTestMethod(Invoker.java:901)
	at org.testng.internal.Invoker.invokeTestMethods(Invoker.java:1231)
	at org.testng.internal.TestMethodWorker.invokeTestMethods(TestMethodWorker.java:127)
	at org.testng.internal.TestMethodWorker.run(TestMethodWorker.java:111)
	at org.testng.internal.thread.ThreadUtil$2.call(ThreadUtil.java:64)
	at java.util.concurrent.FutureTask$Sync.innerRun(FutureTask.java:303)
	at java.util.concurrent.FutureTask.run(FutureTask.java:138)
	at java.util.concurrent.ThreadPoolExecutor$Worker.runTask(ThreadPoolExecutor.java:895)
	at java.util.concurrent.ThreadPoolExecutor$Worker.run(ThreadPoolExecutor.java:918)
	at java.lang.Thread.run(Thread.java:680)
Caused by: org.openqa.selenium.remote.ScreenshotException: Screen shot has been taken
Build info: version: '2.31.0', revision: '1bd294d', time: '2013-02-27 20:53:56'
System info: os.name: 'Mac OS X', os.arch: 'x86_64', os.version: '10.8.3', java.version: '1.6.0_41'
Driver info: driver.version: RemoteWebDriver
	at org.openqa.selenium.remote.ErrorHandler.throwIfResponseFailed(ErrorHandler.java:125)
	... 22 more
Caused by: org.openqa.selenium.NoSuchElementException: Unable to locate element: {"method":"id","selector":"add-to-cart-button"}
Command duration or timeout: 11.33 seconds
For documentation on this error, please visit: http://seleniumhq.org/exceptions/no_such_element.html
Build info: version: '2.32.0', revision: '6c40c18', time: '2013-04-09 17:22:56'
System info: os.name: 'Mac OS X', os.arch: 'x86_64', os.version: '10.8.3', java.version: '1.6.0_43'
Session ID: 6479c10e-0d57-e144-9787-9f092906fb77
Driver info: org.openqa.selenium.firefox.FirefoxDriver
Capabilities [{platform=MAC, acceptSslCerts=true, javascriptEnabled=true, browserName=firefox, rotatable=false, locationContextEnabled=true, version=21.0, cssSelectorsEnabled=true, databaseEnabled=true, handlesAlerts=true, browserConnectionEnabled=true, nativeEvents=false, webStorageEnabled=true, applicationCacheEnabled=true, takesScreenshot=true}]
For documentation on this error, please visit: http://seleniumhq.org/exceptions/no_such_element.html
Build info: version: '2.31.0', revision: '1bd294d', time: '2013-02-27 20:53:56'
System info: os.name: 'Mac OS X', os.arch: 'x86_64', os.version: '10.8.3', java.version: '1.6.0_41'
Driver info: driver.version: EventFiringWebDriver
	at sun.reflect.GeneratedConstructorAccessor35.newInstance(Unknown Source)
	at sun.reflect.DelegatingConstructorAccessorImpl.newInstance(DelegatingConstructorAccessorImpl.java:27)
	at java.lang.reflect.Constructor.newInstance(Constructor.java:513)
	at org.openqa.selenium.remote.ErrorHandler.createThrowable(ErrorHandler.java:187)
	at org.openqa.selenium.remote.ErrorHandler.throwIfResponseFailed(ErrorHandler.java:145)
	at org.openqa.selenium.remote.RemoteWebDriver.execute(RemoteWebDriver.java:554)
	at org.openqa.selenium.remote.RemoteWebDriver.findElement(RemoteWebDriver.java:307)
	at org.openqa.selenium.remote.RemoteWebDriver.findElementById(RemoteWebDriver.java:348)
	at org.openqa.selenium.By$ById.findElement(By.java:216)
	at org.openqa.selenium.remote.RemoteWebDriver.findElement(RemoteWebDriver.java:299)
	at sun.reflect.GeneratedMethodAccessor23.invoke(Unknown Source)
	at sun.reflect.DelegatingMethodAccessorImpl.invoke(DelegatingMethodAccessorImpl.java:25)
	at java.lang.reflect.Method.invoke(Method.java:597)
	at org.openqa.selenium.support.events.EventFiringWebDriver$2.invoke(EventFiringWebDriver.java:101)
	at com.sun.proxy.$Proxy1.findElement(Unknown Source)
	at org.openqa.selenium.support.events.EventFiringWebDriver.findElement(EventFiringWebDriver.java:180)
	at org.openqa.selenium.remote.server.handler.FindElement.call(FindElement.java:47)
	at org.openqa.selenium.remote.server.handler.FindElement.call(FindElement.java:1)
	at java.util.concurrent.FutureTask$Sync.innerRun(FutureTask.java:303)
	at java.util.concurrent.FutureTask.run(FutureTask.java:138)
	at org.openqa.selenium.remote.server.DefaultSession$1.run(DefaultSession.java:169)
	... 3 more
]]>
    </failure>
  </testcase> <!-- googleSearch -->
  <testcase name="googleSearch" time="84.403" classname="com.sjsu.tests.AmazonShoppingCartTest">
    <failure type="org.openqa.selenium.NoSuchElementException" message="Unable to locate element: {&amp;quot;method&amp;quot;:&amp;quot;id&amp;quot;,&amp;quot;selector&amp;quot;:&amp;quot;add-to-cart-button&amp;quot;}
Command duration or timeout: 11.78 seconds
For documentation on this error, please visit: http://seleniumhq.org/exceptions/no_such_element.html
Build info: version: &amp;apos;2.32.0&amp;apos;, revision: &amp;apos;6c40c18&amp;apos;, time: &amp;apos;2013-04-09 17:22:56&amp;apos;
System info: os.name: &amp;apos;Mac OS X&amp;apos;, os.arch: &amp;apos;x86_64&amp;apos;, os.version: &amp;apos;10.8.3&amp;apos;, java.version: &amp;apos;1.6.0_43&amp;apos;
Session ID: d075692f-c2d0-a240-97d5-5352fb9c642a
Driver info: org.openqa.selenium.firefox.FirefoxDriver
Capabilities [{platform=MAC, acceptSslCerts=true, javascriptEnabled=true, browserName=firefox, rotatable=false, locationContextEnabled=true, version=21.0, cssSelectorsEnabled=true, databaseEnabled=true, handlesAlerts=true, browserConnectionEnabled=true, nativeEvents=false, webStorageEnabled=true, applicationCacheEnabled=true, takesScreenshot=true}]
Command duration or timeout: 12.30 seconds
For documentation on this error, please visit: http://seleniumhq.org/exceptions/no_such_element.html
Build info: version: &amp;apos;2.31.0&amp;apos;, revision: &amp;apos;1bd294d&amp;apos;, time: &amp;apos;2013-02-27 20:53:56&amp;apos;
System info: os.name: &amp;apos;Mac OS X&amp;apos;, os.arch: &amp;apos;x86_64&amp;apos;, os.version: &amp;apos;10.8.3&amp;apos;, java.version: &amp;apos;1.6.0_41&amp;apos;
Session ID: 33680d22-7959-43fb-b40f-6f8c62859c2f
Driver info: org.openqa.selenium.remote.RemoteWebDriver
Capabilities [{platform=MAC, acceptSslCerts=true, javascriptEnabled=true, browserName=firefox, rotatable=false, locationContextEnabled=true, webdriver.remote.sessionid=33680d22-7959-43fb-b40f-6f8c62859c2f, version=21.0, cssSelectorsEnabled=true, databaseEnabled=true, handlesAlerts=true, browserConnectionEnabled=true, webStorageEnabled=true, nativeEvents=false, applicationCacheEnabled=true, takesScreenshot=true}]">
      <![CDATA[org.openqa.selenium.NoSuchElementException: Unable to locate element: {"method":"id","selector":"add-to-cart-button"}
Command duration or timeout: 11.78 seconds
For documentation on this error, please visit: http://seleniumhq.org/exceptions/no_such_element.html
Build info: version: '2.32.0', revision: '6c40c18', time: '2013-04-09 17:22:56'
System info: os.name: 'Mac OS X', os.arch: 'x86_64', os.version: '10.8.3', java.version: '1.6.0_43'
Session ID: d075692f-c2d0-a240-97d5-5352fb9c642a
Driver info: org.openqa.selenium.firefox.FirefoxDriver
Capabilities [{platform=MAC, acceptSslCerts=true, javascriptEnabled=true, browserName=firefox, rotatable=false, locationContextEnabled=true, version=21.0, cssSelectorsEnabled=true, databaseEnabled=true, handlesAlerts=true, browserConnectionEnabled=true, nativeEvents=false, webStorageEnabled=true, applicationCacheEnabled=true, takesScreenshot=true}]
Command duration or timeout: 12.30 seconds
For documentation on this error, please visit: http://seleniumhq.org/exceptions/no_such_element.html
Build info: version: '2.31.0', revision: '1bd294d', time: '2013-02-27 20:53:56'
System info: os.name: 'Mac OS X', os.arch: 'x86_64', os.version: '10.8.3', java.version: '1.6.0_41'
Session ID: 33680d22-7959-43fb-b40f-6f8c62859c2f
Driver info: org.openqa.selenium.remote.RemoteWebDriver
Capabilities [{platform=MAC, acceptSslCerts=true, javascriptEnabled=true, browserName=firefox, rotatable=false, locationContextEnabled=true, webdriver.remote.sessionid=33680d22-7959-43fb-b40f-6f8c62859c2f, version=21.0, cssSelectorsEnabled=true, databaseEnabled=true, handlesAlerts=true, browserConnectionEnabled=true, webStorageEnabled=true, nativeEvents=false, applicationCacheEnabled=true, takesScreenshot=true}]
	at sun.reflect.NativeConstructorAccessorImpl.newInstance0(Native Method)
	at sun.reflect.NativeConstructorAccessorImpl.newInstance(NativeConstructorAccessorImpl.java:39)
	at sun.reflect.DelegatingConstructorAccessorImpl.newInstance(DelegatingConstructorAccessorImpl.java:27)
	at java.lang.reflect.Constructor.newInstance(Constructor.java:513)
	at org.openqa.selenium.remote.ErrorHandler.createThrowable(ErrorHandler.java:187)
	at org.openqa.selenium.remote.ErrorHandler.throwIfResponseFailed(ErrorHandler.java:145)
	at org.openqa.selenium.remote.RemoteWebDriver.execute(RemoteWebDriver.java:554)
	at org.openqa.selenium.remote.RemoteWebDriver.findElement(RemoteWebDriver.java:307)
	at org.openqa.selenium.remote.RemoteWebDriver.findElementById(RemoteWebDriver.java:348)
	at org.openqa.selenium.By$ById.findElement(By.java:216)
	at org.openqa.selenium.remote.RemoteWebDriver.findElement(RemoteWebDriver.java:299)
	at com.sjsu.tests.AmazonShoppingCartTest.googleSearch(AmazonShoppingCartTest.java:157)
	at sun.reflect.NativeMethodAccessorImpl.invoke0(Native Method)
	at sun.reflect.NativeMethodAccessorImpl.invoke(NativeMethodAccessorImpl.java:39)
	at sun.reflect.DelegatingMethodAccessorImpl.invoke(DelegatingMethodAccessorImpl.java:25)
	at java.lang.reflect.Method.invoke(Method.java:597)
	at org.testng.internal.MethodInvocationHelper.invokeMethod(MethodInvocationHelper.java:80)
	at org.testng.internal.Invoker.invokeMethod(Invoker.java:714)
	at org.testng.internal.Invoker.invokeTestMethod(Invoker.java:901)
	at org.testng.internal.Invoker.invokeTestMethods(Invoker.java:1231)
	at org.testng.internal.TestMethodWorker.invokeTestMethods(TestMethodWorker.java:127)
	at org.testng.internal.TestMethodWorker.run(TestMethodWorker.java:111)
	at org.testng.internal.thread.ThreadUtil$2.call(ThreadUtil.java:64)
	at java.util.concurrent.FutureTask$Sync.innerRun(FutureTask.java:303)
	at java.util.concurrent.FutureTask.run(FutureTask.java:138)
	at java.util.concurrent.ThreadPoolExecutor$Worker.runTask(ThreadPoolExecutor.java:895)
	at java.util.concurrent.ThreadPoolExecutor$Worker.run(ThreadPoolExecutor.java:918)
	at java.lang.Thread.run(Thread.java:680)
Caused by: org.openqa.selenium.remote.ScreenshotException: Screen shot has been taken
Build info: version: '2.31.0', revision: '1bd294d', time: '2013-02-27 20:53:56'
System info: os.name: 'Mac OS X', os.arch: 'x86_64', os.version: '10.8.3', java.version: '1.6.0_41'
Driver info: driver.version: RemoteWebDriver
	at org.openqa.selenium.remote.ErrorHandler.throwIfResponseFailed(ErrorHandler.java:125)
	... 22 more
Caused by: org.openqa.selenium.NoSuchElementException: Unable to locate element: {"method":"id","selector":"add-to-cart-button"}
Command duration or timeout: 11.78 seconds
For documentation on this error, please visit: http://seleniumhq.org/exceptions/no_such_element.html
Build info: version: '2.32.0', revision: '6c40c18', time: '2013-04-09 17:22:56'
System info: os.name: 'Mac OS X', os.arch: 'x86_64', os.version: '10.8.3', java.version: '1.6.0_43'
Session ID: d075692f-c2d0-a240-97d5-5352fb9c642a
Driver info: org.openqa.selenium.firefox.FirefoxDriver
Capabilities [{platform=MAC, acceptSslCerts=true, javascriptEnabled=true, browserName=firefox, rotatable=false, locationContextEnabled=true, version=21.0, cssSelectorsEnabled=true, databaseEnabled=true, handlesAlerts=true, browserConnectionEnabled=true, nativeEvents=false, webStorageEnabled=true, applicationCacheEnabled=true, takesScreenshot=true}]
For documentation on this error, please visit: http://seleniumhq.org/exceptions/no_such_element.html
Build info: version: '2.31.0', revision: '1bd294d', time: '2013-02-27 20:53:56'
System info: os.name: 'Mac OS X', os.arch: 'x86_64', os.version: '10.8.3', java.version: '1.6.0_41'
Driver info: driver.version: EventFiringWebDriver
	at sun.reflect.GeneratedConstructorAccessor35.newInstance(Unknown Source)
	at sun.reflect.DelegatingConstructorAccessorImpl.newInstance(DelegatingConstructorAccessorImpl.java:27)
	at java.lang.reflect.Constructor.newInstance(Constructor.java:513)
	at org.openqa.selenium.remote.ErrorHandler.createThrowable(ErrorHandler.java:187)
	at org.openqa.selenium.remote.ErrorHandler.throwIfResponseFailed(ErrorHandler.java:145)
	at org.openqa.selenium.remote.RemoteWebDriver.execute(RemoteWebDriver.java:554)
	at org.openqa.selenium.remote.RemoteWebDriver.findElement(RemoteWebDriver.java:307)
	at org.openqa.selenium.remote.RemoteWebDriver.findElementById(RemoteWebDriver.java:348)
	at org.openqa.selenium.By$ById.findElement(By.java:216)
	at org.openqa.selenium.remote.RemoteWebDriver.findElement(RemoteWebDriver.java:299)
	at sun.reflect.GeneratedMethodAccessor23.invoke(Unknown Source)
	at sun.reflect.DelegatingMethodAccessorImpl.invoke(DelegatingMethodAccessorImpl.java:25)
	at java.lang.reflect.Method.invoke(Method.java:597)
	at org.openqa.selenium.support.events.EventFiringWebDriver$2.invoke(EventFiringWebDriver.java:101)
	at com.sun.proxy.$Proxy1.findElement(Unknown Source)
	at org.openqa.selenium.support.events.EventFiringWebDriver.findElement(EventFiringWebDriver.java:180)
	at org.openqa.selenium.remote.server.handler.FindElement.call(FindElement.java:47)
	at org.openqa.selenium.remote.server.handler.FindElement.call(FindElement.java:1)
	at java.util.concurrent.FutureTask$Sync.innerRun(FutureTask.java:303)
	at java.util.concurrent.FutureTask.run(FutureTask.java:138)
	at org.openqa.selenium.remote.server.DefaultSession$1.run(DefaultSession.java:169)
	... 3 more
]]>
    </failure>
  </testcase> <!-- googleSearch -->
  <testcase name="googleSearch" time="83.744" classname="com.sjsu.tests.AmazonShoppingCartTest"/>
  <testcase name="gmailLogin" time="81.118" classname="com.sjsu.tests.MultipleGmailLogIn">
    <failure type="java.lang.AssertionError" message="Gmail Login Failed expected [true] but found [false]">
      <![CDATA[java.lang.AssertionError: Gmail Login Failed expected [true] but found [false]
	at org.testng.Assert.fail(Assert.java:94)
	at org.testng.Assert.failNotEquals(Assert.java:494)
	at org.testng.Assert.assertTrue(Assert.java:42)
	at com.sjsu.tests.MultipleGmailLogIn.gmailLogin(MultipleGmailLogIn.java:221)
	at sun.reflect.NativeMethodAccessorImpl.invoke0(Native Method)
	at sun.reflect.NativeMethodAccessorImpl.invoke(NativeMethodAccessorImpl.java:39)
	at sun.reflect.DelegatingMethodAccessorImpl.invoke(DelegatingMethodAccessorImpl.java:25)
	at java.lang.reflect.Method.invoke(Method.java:597)
	at org.testng.internal.MethodInvocationHelper.invokeMethod(MethodInvocationHelper.java:80)
	at org.testng.internal.Invoker.invokeMethod(Invoker.java:714)
	at org.testng.internal.Invoker.invokeTestMethod(Invoker.java:901)
	at org.testng.internal.Invoker.invokeTestMethods(Invoker.java:1231)
	at org.testng.internal.TestMethodWorker.invokeTestMethods(TestMethodWorker.java:127)
	at org.testng.internal.TestMethodWorker.run(TestMethodWorker.java:111)
	at org.testng.internal.thread.ThreadUtil$2.call(ThreadUtil.java:64)
	at java.util.concurrent.FutureTask$Sync.innerRun(FutureTask.java:303)
	at java.util.concurrent.FutureTask.run(FutureTask.java:138)
	at java.util.concurrent.ThreadPoolExecutor$Worker.runTask(ThreadPoolExecutor.java:895)
	at java.util.concurrent.ThreadPoolExecutor$Worker.run(ThreadPoolExecutor.java:918)
	at java.lang.Thread.run(Thread.java:680)
]]>
    </failure>
  </testcase> <!-- gmailLogin -->
  <testcase name="gmailLogin" time="82.821" classname="com.sjsu.tests.MultipleGmailLogIn">
    <failure type="java.lang.AssertionError" message="Gmail Login Failed expected [true] but found [false]">
      <![CDATA[java.lang.AssertionError: Gmail Login Failed expected [true] but found [false]
	at org.testng.Assert.fail(Assert.java:94)
	at org.testng.Assert.failNotEquals(Assert.java:494)
	at org.testng.Assert.assertTrue(Assert.java:42)
	at com.sjsu.tests.MultipleGmailLogIn.gmailLogin(MultipleGmailLogIn.java:221)
	at sun.reflect.NativeMethodAccessorImpl.invoke0(Native Method)
	at sun.reflect.NativeMethodAccessorImpl.invoke(NativeMethodAccessorImpl.java:39)
	at sun.reflect.DelegatingMethodAccessorImpl.invoke(DelegatingMethodAccessorImpl.java:25)
	at java.lang.reflect.Method.invoke(Method.java:597)
	at org.testng.internal.MethodInvocationHelper.invokeMethod(MethodInvocationHelper.java:80)
	at org.testng.internal.Invoker.invokeMethod(Invoker.java:714)
	at org.testng.internal.Invoker.invokeTestMethod(Invoker.java:901)
	at org.testng.internal.Invoker.invokeTestMethods(Invoker.java:1231)
	at org.testng.internal.TestMethodWorker.invokeTestMethods(TestMethodWorker.java:127)
	at org.testng.internal.TestMethodWorker.run(TestMethodWorker.java:111)
	at org.testng.internal.thread.ThreadUtil$2.call(ThreadUtil.java:64)
	at java.util.concurrent.FutureTask$Sync.innerRun(FutureTask.java:303)
	at java.util.concurrent.FutureTask.run(FutureTask.java:138)
	at java.util.concurrent.ThreadPoolExecutor$Worker.runTask(ThreadPoolExecutor.java:895)
	at java.util.concurrent.ThreadPoolExecutor$Worker.run(ThreadPoolExecutor.java:918)
	at java.lang.Thread.run(Thread.java:680)
]]>
    </failure>
  </testcase> <!-- gmailLogin -->
  <testcase name="googleSearch" time="77.668" classname="com.sjsu.tests.AmazonShoppingCartTest">
    <failure type="org.openqa.selenium.NoSuchElementException" message="Unable to locate element: {&amp;quot;method&amp;quot;:&amp;quot;id&amp;quot;,&amp;quot;selector&amp;quot;:&amp;quot;add-to-cart-button&amp;quot;}
Command duration or timeout: 11.71 seconds
For documentation on this error, please visit: http://seleniumhq.org/exceptions/no_such_element.html
Build info: version: &amp;apos;2.32.0&amp;apos;, revision: &amp;apos;6c40c18&amp;apos;, time: &amp;apos;2013-04-09 17:22:56&amp;apos;
System info: os.name: &amp;apos;Mac OS X&amp;apos;, os.arch: &amp;apos;x86_64&amp;apos;, os.version: &amp;apos;10.8.3&amp;apos;, java.version: &amp;apos;1.6.0_43&amp;apos;
Session ID: abe3dbec-a189-c140-856b-3ab49d84f849
Driver info: org.openqa.selenium.firefox.FirefoxDriver
Capabilities [{platform=MAC, acceptSslCerts=true, javascriptEnabled=true, browserName=firefox, rotatable=false, locationContextEnabled=true, version=21.0, cssSelectorsEnabled=true, databaseEnabled=true, handlesAlerts=true, browserConnectionEnabled=true, nativeEvents=false, webStorageEnabled=true, applicationCacheEnabled=true, takesScreenshot=true}]
Command duration or timeout: 12.26 seconds
For documentation on this error, please visit: http://seleniumhq.org/exceptions/no_such_element.html
Build info: version: &amp;apos;2.31.0&amp;apos;, revision: &amp;apos;1bd294d&amp;apos;, time: &amp;apos;2013-02-27 20:53:56&amp;apos;
System info: os.name: &amp;apos;Mac OS X&amp;apos;, os.arch: &amp;apos;x86_64&amp;apos;, os.version: &amp;apos;10.8.3&amp;apos;, java.version: &amp;apos;1.6.0_41&amp;apos;
Session ID: bd13c0c1-84d0-4bd9-9a3e-177cdfe910c1
Driver info: org.openqa.selenium.remote.RemoteWebDriver
Capabilities [{platform=MAC, acceptSslCerts=true, javascriptEnabled=true, browserName=firefox, rotatable=false, locationContextEnabled=true, webdriver.remote.sessionid=bd13c0c1-84d0-4bd9-9a3e-177cdfe910c1, version=21.0, cssSelectorsEnabled=true, databaseEnabled=true, handlesAlerts=true, browserConnectionEnabled=true, webStorageEnabled=true, nativeEvents=false, applicationCacheEnabled=true, takesScreenshot=true}]">
      <![CDATA[org.openqa.selenium.NoSuchElementException: Unable to locate element: {"method":"id","selector":"add-to-cart-button"}
Command duration or timeout: 11.71 seconds
For documentation on this error, please visit: http://seleniumhq.org/exceptions/no_such_element.html
Build info: version: '2.32.0', revision: '6c40c18', time: '2013-04-09 17:22:56'
System info: os.name: 'Mac OS X', os.arch: 'x86_64', os.version: '10.8.3', java.version: '1.6.0_43'
Session ID: abe3dbec-a189-c140-856b-3ab49d84f849
Driver info: org.openqa.selenium.firefox.FirefoxDriver
Capabilities [{platform=MAC, acceptSslCerts=true, javascriptEnabled=true, browserName=firefox, rotatable=false, locationContextEnabled=true, version=21.0, cssSelectorsEnabled=true, databaseEnabled=true, handlesAlerts=true, browserConnectionEnabled=true, nativeEvents=false, webStorageEnabled=true, applicationCacheEnabled=true, takesScreenshot=true}]
Command duration or timeout: 12.26 seconds
For documentation on this error, please visit: http://seleniumhq.org/exceptions/no_such_element.html
Build info: version: '2.31.0', revision: '1bd294d', time: '2013-02-27 20:53:56'
System info: os.name: 'Mac OS X', os.arch: 'x86_64', os.version: '10.8.3', java.version: '1.6.0_41'
Session ID: bd13c0c1-84d0-4bd9-9a3e-177cdfe910c1
Driver info: org.openqa.selenium.remote.RemoteWebDriver
Capabilities [{platform=MAC, acceptSslCerts=true, javascriptEnabled=true, browserName=firefox, rotatable=false, locationContextEnabled=true, webdriver.remote.sessionid=bd13c0c1-84d0-4bd9-9a3e-177cdfe910c1, version=21.0, cssSelectorsEnabled=true, databaseEnabled=true, handlesAlerts=true, browserConnectionEnabled=true, webStorageEnabled=true, nativeEvents=false, applicationCacheEnabled=true, takesScreenshot=true}]
	at sun.reflect.NativeConstructorAccessorImpl.newInstance0(Native Method)
	at sun.reflect.NativeConstructorAccessorImpl.newInstance(NativeConstructorAccessorImpl.java:39)
	at sun.reflect.DelegatingConstructorAccessorImpl.newInstance(DelegatingConstructorAccessorImpl.java:27)
	at java.lang.reflect.Constructor.newInstance(Constructor.java:513)
	at org.openqa.selenium.remote.ErrorHandler.createThrowable(ErrorHandler.java:187)
	at org.openqa.selenium.remote.ErrorHandler.throwIfResponseFailed(ErrorHandler.java:145)
	at org.openqa.selenium.remote.RemoteWebDriver.execute(RemoteWebDriver.java:554)
	at org.openqa.selenium.remote.RemoteWebDriver.findElement(RemoteWebDriver.java:307)
	at org.openqa.selenium.remote.RemoteWebDriver.findElementById(RemoteWebDriver.java:348)
	at org.openqa.selenium.By$ById.findElement(By.java:216)
	at org.openqa.selenium.remote.RemoteWebDriver.findElement(RemoteWebDriver.java:299)
	at com.sjsu.tests.AmazonShoppingCartTest.googleSearch(AmazonShoppingCartTest.java:157)
	at sun.reflect.NativeMethodAccessorImpl.invoke0(Native Method)
	at sun.reflect.NativeMethodAccessorImpl.invoke(NativeMethodAccessorImpl.java:39)
	at sun.reflect.DelegatingMethodAccessorImpl.invoke(DelegatingMethodAccessorImpl.java:25)
	at java.lang.reflect.Method.invoke(Method.java:597)
	at org.testng.internal.MethodInvocationHelper.invokeMethod(MethodInvocationHelper.java:80)
	at org.testng.internal.Invoker.invokeMethod(Invoker.java:714)
	at org.testng.internal.Invoker.invokeTestMethod(Invoker.java:901)
	at org.testng.internal.Invoker.invokeTestMethods(Invoker.java:1231)
	at org.testng.internal.TestMethodWorker.invokeTestMethods(TestMethodWorker.java:127)
	at org.testng.internal.TestMethodWorker.run(TestMethodWorker.java:111)
	at org.testng.internal.thread.ThreadUtil$2.call(ThreadUtil.java:64)
	at java.util.concurrent.FutureTask$Sync.innerRun(FutureTask.java:303)
	at java.util.concurrent.FutureTask.run(FutureTask.java:138)
	at java.util.concurrent.ThreadPoolExecutor$Worker.runTask(ThreadPoolExecutor.java:895)
	at java.util.concurrent.ThreadPoolExecutor$Worker.run(ThreadPoolExecutor.java:918)
	at java.lang.Thread.run(Thread.java:680)
Caused by: org.openqa.selenium.remote.ScreenshotException: Screen shot has been taken
Build info: version: '2.31.0', revision: '1bd294d', time: '2013-02-27 20:53:56'
System info: os.name: 'Mac OS X', os.arch: 'x86_64', os.version: '10.8.3', java.version: '1.6.0_41'
Driver info: driver.version: RemoteWebDriver
	at org.openqa.selenium.remote.ErrorHandler.throwIfResponseFailed(ErrorHandler.java:125)
	... 22 more
Caused by: org.openqa.selenium.NoSuchElementException: Unable to locate element: {"method":"id","selector":"add-to-cart-button"}
Command duration or timeout: 11.71 seconds
For documentation on this error, please visit: http://seleniumhq.org/exceptions/no_such_element.html
Build info: version: '2.32.0', revision: '6c40c18', time: '2013-04-09 17:22:56'
System info: os.name: 'Mac OS X', os.arch: 'x86_64', os.version: '10.8.3', java.version: '1.6.0_43'
Session ID: abe3dbec-a189-c140-856b-3ab49d84f849
Driver info: org.openqa.selenium.firefox.FirefoxDriver
Capabilities [{platform=MAC, acceptSslCerts=true, javascriptEnabled=true, browserName=firefox, rotatable=false, locationContextEnabled=true, version=21.0, cssSelectorsEnabled=true, databaseEnabled=true, handlesAlerts=true, browserConnectionEnabled=true, nativeEvents=false, webStorageEnabled=true, applicationCacheEnabled=true, takesScreenshot=true}]
For documentation on this error, please visit: http://seleniumhq.org/exceptions/no_such_element.html
Build info: version: '2.31.0', revision: '1bd294d', time: '2013-02-27 20:53:56'
System info: os.name: 'Mac OS X', os.arch: 'x86_64', os.version: '10.8.3', java.version: '1.6.0_41'
Driver info: driver.version: EventFiringWebDriver
	at sun.reflect.GeneratedConstructorAccessor35.newInstance(Unknown Source)
	at sun.reflect.DelegatingConstructorAccessorImpl.newInstance(DelegatingConstructorAccessorImpl.java:27)
	at java.lang.reflect.Constructor.newInstance(Constructor.java:513)
	at org.openqa.selenium.remote.ErrorHandler.createThrowable(ErrorHandler.java:187)
	at org.openqa.selenium.remote.ErrorHandler.throwIfResponseFailed(ErrorHandler.java:145)
	at org.openqa.selenium.remote.RemoteWebDriver.execute(RemoteWebDriver.java:554)
	at org.openqa.selenium.remote.RemoteWebDriver.findElement(RemoteWebDriver.java:307)
	at org.openqa.selenium.remote.RemoteWebDriver.findElementById(RemoteWebDriver.java:348)
	at org.openqa.selenium.By$ById.findElement(By.java:216)
	at org.openqa.selenium.remote.RemoteWebDriver.findElement(RemoteWebDriver.java:299)
	at sun.reflect.GeneratedMethodAccessor23.invoke(Unknown Source)
	at sun.reflect.DelegatingMethodAccessorImpl.invoke(DelegatingMethodAccessorImpl.java:25)
	at java.lang.reflect.Method.invoke(Method.java:597)
	at org.openqa.selenium.support.events.EventFiringWebDriver$2.invoke(EventFiringWebDriver.java:101)
	at com.sun.proxy.$Proxy1.findElement(Unknown Source)
	at org.openqa.selenium.support.events.EventFiringWebDriver.findElement(EventFiringWebDriver.java:180)
	at org.openqa.selenium.remote.server.handler.FindElement.call(FindElement.java:47)
	at org.openqa.selenium.remote.server.handler.FindElement.call(FindElement.java:1)
	at java.util.concurrent.FutureTask$Sync.innerRun(FutureTask.java:303)
	at java.util.concurrent.FutureTask.run(FutureTask.java:138)
	at org.openqa.selenium.remote.server.DefaultSession$1.run(DefaultSession.java:169)
	... 3 more
]]>
    </failure>
  </testcase> <!-- googleSearch -->
  <testcase name="googleSearch" time="66.674" classname="com.sjsu.tests.AmazonShoppingCartTest"/>
  <testcase name="googleSearch" time="63.593" classname="com.sjsu.tests.AmazonShoppingCartTest"/>
  <testcase name="gmailLogin" time="65.732" classname="com.sjsu.tests.MultipleGmailLogIn"/>
  <testcase name="gmailLogin" time="63.248" classname="com.sjsu.tests.MultipleGmailLogIn"/>
</testsuite> <!-- AndroidTest -->
