<?xml version="1.0" encoding="UTF-8"?>
<!-- Generated by org.testng.reporters.JUnitReportReporter -->
<testsuite hostname="unknown14109fe02b7d.att.net" name="com.sjsu.tests.WalmartShoppingCartTest" tests="10" failures="3" timestamp="30 May 2013 13:17:41 GMT" time="310.613" errors="0">
  <testcase name="googleSearch" time="25.264" classname="com.sjsu.tests.WalmartShoppingCartTest"/>
  <testcase name="googleSearch" time="26.207" classname="com.sjsu.tests.WalmartShoppingCartTest">
    <failure type="org.openqa.selenium.WebDriverException" message="Session [5a63d18d-a61c-4111-90c5-39b2703c022e] was terminated due to TIMEOUT
Command duration or timeout: 5 milliseconds
Build info: version: &#039;2.31.0&#039;, revision: &#039;1bd294d&#039;, time: &#039;2013-02-27 20:53:56&#039;
System info: os.name: &#039;Mac OS X&#039;, os.arch: &#039;x86_64&#039;, os.version: &#039;10.8.3&#039;, java.version: &#039;1.6.0_41&#039;
Session ID: 5a63d18d-a61c-4111-90c5-39b2703c022e
Driver info: org.openqa.selenium.remote.RemoteWebDriver
Capabilities [{platform=MAC, acceptSslCerts=true, javascriptEnabled=true, browserName=firefox, rotatable=false, locationContextEnabled=true, webdriver.remote.sessionid=5a63d18d-a61c-4111-90c5-39b2703c022e, version=20.0, cssSelectorsEnabled=true, databaseEnabled=true, handlesAlerts=true, browserConnectionEnabled=true, webStorageEnabled=true, nativeEvents=false, applicationCacheEnabled=true, takesScreenshot=true}]">
      <![CDATA[org.openqa.selenium.WebDriverException: Session [5a63d18d-a61c-4111-90c5-39b2703c022e] was terminated due to TIMEOUT
Command duration or timeout: 5 milliseconds
Build info: version: '2.31.0', revision: '1bd294d', time: '2013-02-27 20:53:56'
System info: os.name: 'Mac OS X', os.arch: 'x86_64', os.version: '10.8.3', java.version: '1.6.0_41'
Session ID: 5a63d18d-a61c-4111-90c5-39b2703c022e
Driver info: org.openqa.selenium.remote.RemoteWebDriver
Capabilities [{platform=MAC, acceptSslCerts=true, javascriptEnabled=true, browserName=firefox, rotatable=false, locationContextEnabled=true, webdriver.remote.sessionid=5a63d18d-a61c-4111-90c5-39b2703c022e, version=20.0, cssSelectorsEnabled=true, databaseEnabled=true, handlesAlerts=true, browserConnectionEnabled=true, webStorageEnabled=true, nativeEvents=false, applicationCacheEnabled=true, takesScreenshot=true}]
	at sun.reflect.NativeConstructorAccessorImpl.newInstance0(Native Method)
	at sun.reflect.NativeConstructorAccessorImpl.newInstance(NativeConstructorAccessorImpl.java:39)
	at sun.reflect.DelegatingConstructorAccessorImpl.newInstance(DelegatingConstructorAccessorImpl.java:27)
	at java.lang.reflect.Constructor.newInstance(Constructor.java:513)
	at org.openqa.selenium.remote.ErrorHandler.createThrowable(ErrorHandler.java:187)
	at org.openqa.selenium.remote.ErrorHandler.throwIfResponseFailed(ErrorHandler.java:145)
	at org.openqa.selenium.remote.RemoteWebDriver.execute(RemoteWebDriver.java:554)
	at org.openqa.selenium.remote.RemoteWebDriver.execute(RemoteWebDriver.java:569)
	at org.openqa.selenium.remote.RemoteWebDriver.getPageSource(RemoteWebDriver.java:414)
	at com.sjsu.tests.WalmartShoppingCartTest.googleSearch(WalmartShoppingCartTest.java:152)
	at sun.reflect.NativeMethodAccessorImpl.invoke0(Native Method)
	at sun.reflect.NativeMethodAccessorImpl.invoke(NativeMethodAccessorImpl.java:39)
	at sun.reflect.DelegatingMethodAccessorImpl.invoke(DelegatingMethodAccessorImpl.java:25)
	at java.lang.reflect.Method.invoke(Method.java:597)
	at org.testng.internal.MethodInvocationHelper.invokeMethod(MethodInvocationHelper.java:84)
	at org.testng.internal.Invoker.invokeMethod(Invoker.java:714)
	at org.testng.internal.Invoker.invokeTestMethod(Invoker.java:901)
	at org.testng.internal.Invoker.invokeTestMethods(Invoker.java:1231)
	at org.testng.internal.TestMethodWorker.invokeTestMethods(TestMethodWorker.java:127)
	at org.testng.internal.TestMethodWorker.run(TestMethodWorker.java:111)
	at org.testng.internal.thread.ThreadUtil$2.call(ThreadUtil.java:64)
	at java.util.concurrent.FutureTask$Sync.innerRun(FutureTask.java:303)
	at java.util.concurrent.FutureTask.run(FutureTask.java:138)
	at java.util.concurrent.ThreadPoolExecutor$Worker.runTask(ThreadPoolExecutor.java:895)
	at java.util.concurrent.ThreadPoolExecutor$Worker.run(ThreadPoolExecutor.java:918)
	at java.lang.Thread.run(Thread.java:680)
Caused by: org.openqa.grid.common.exception.GridException: Session [5a63d18d-a61c-4111-90c5-39b2703c022e] was terminated due to TIMEOUT
	at org.openqa.grid.internal.ActiveTestSessions.getExistingSession(ActiveTestSessions.java:104)
	at org.openqa.grid.internal.Registry.getExistingSession(Registry.java:423)
	at org.openqa.grid.web.servlet.handler.RequestHandler.getSession(RequestHandler.java:234)
	at org.openqa.grid.web.servlet.handler.RequestHandler.process(RequestHandler.java:116)
	at org.openqa.grid.web.servlet.DriverServlet.process(DriverServlet.java:84)
	at org.openqa.grid.web.servlet.DriverServlet.doGet(DriverServlet.java:62)
	at javax.servlet.http.HttpServlet.service(HttpServlet.java:707)
	at javax.servlet.http.HttpServlet.service(HttpServlet.java:820)
	at org.seleniumhq.jetty7.servlet.ServletHolder.handle(ServletHolder.java:565)
	at org.seleniumhq.jetty7.servlet.ServletHandler.doHandle(ServletHandler.java:479)
	at org.seleniumhq.jetty7.server.session.SessionHandler.doHandle(SessionHandler.java:225)
	at org.seleniumhq.jetty7.server.handler.ContextHandler.doHandle(ContextHandler.java:1031)
	at org.seleniumhq.jetty7.servlet.ServletHandler.doScope(ServletHandler.java:406)
	at org.seleniumhq.jetty7.server.session.SessionHandler.doScope(SessionHandler.java:186)
	at org.seleniumhq.jetty7.server.handler.ContextHandler.doScope(ContextHandler.java:965)
	at org.seleniumhq.jetty7.server.handler.ScopedHandler.handle(ScopedHandler.java:117)
	at org.seleniumhq.jetty7.server.handler.HandlerWrapper.handle(HandlerWrapper.java:111)
	at org.seleniumhq.jetty7.server.Server.handle(Server.java:349)
	at org.seleniumhq.jetty7.server.AbstractHttpConnection.handleRequest(AbstractHttpConnection.java:452)
	at org.seleniumhq.jetty7.server.BlockingHttpConnection.handleRequest(BlockingHttpConnection.java:47)
	at org.seleniumhq.jetty7.server.AbstractHttpConnection.headerComplete(AbstractHttpConnection.java:884)
	at org.seleniumhq.jetty7.server.AbstractHttpConnection$RequestHandler.headerComplete(AbstractHttpConnection.java:938)
	at org.seleniumhq.jetty7.http.HttpParser.parseNext(HttpParser.java:634)
	at org.seleniumhq.jetty7.http.HttpParser.parseAvailable(HttpParser.java:230)
	at org.seleniumhq.jetty7.server.BlockingHttpConnection.handle(BlockingHttpConnection.java:66)
	at org.seleniumhq.jetty7.server.bio.SocketConnector$ConnectorEndPoint.run(SocketConnector.java:254)
	at org.seleniumhq.jetty7.util.thread.QueuedThreadPool.runJob(QueuedThreadPool.java:599)
	at org.seleniumhq.jetty7.util.thread.QueuedThreadPool$3.run(QueuedThreadPool.java:534)
	... 1 more
]]>
    </failure>
  </testcase> <!-- googleSearch -->
  <testcase name="googleSearch" time="29.264" classname="com.sjsu.tests.WalmartShoppingCartTest"/>
  <testcase name="googleSearch" time="41.130" classname="com.sjsu.tests.WalmartShoppingCartTest">
    <failure type="org.openqa.selenium.WebDriverException" message="Session [b3cbc671-6817-4021-8452-a4f4c7df33db] was terminated due to TIMEOUT
Command duration or timeout: 4 milliseconds
Build info: version: &#039;2.31.0&#039;, revision: &#039;1bd294d&#039;, time: &#039;2013-02-27 20:53:56&#039;
System info: os.name: &#039;Mac OS X&#039;, os.arch: &#039;x86_64&#039;, os.version: &#039;10.8.3&#039;, java.version: &#039;1.6.0_41&#039;
Session ID: b3cbc671-6817-4021-8452-a4f4c7df33db
Driver info: org.openqa.selenium.remote.RemoteWebDriver
Capabilities [{platform=MAC, acceptSslCerts=true, javascriptEnabled=true, browserName=firefox, rotatable=false, locationContextEnabled=true, webdriver.remote.sessionid=b3cbc671-6817-4021-8452-a4f4c7df33db, version=20.0, cssSelectorsEnabled=true, databaseEnabled=true, handlesAlerts=true, browserConnectionEnabled=true, webStorageEnabled=true, nativeEvents=false, applicationCacheEnabled=true, takesScreenshot=true}]">
      <![CDATA[org.openqa.selenium.WebDriverException: Session [b3cbc671-6817-4021-8452-a4f4c7df33db] was terminated due to TIMEOUT
Command duration or timeout: 4 milliseconds
Build info: version: '2.31.0', revision: '1bd294d', time: '2013-02-27 20:53:56'
System info: os.name: 'Mac OS X', os.arch: 'x86_64', os.version: '10.8.3', java.version: '1.6.0_41'
Session ID: b3cbc671-6817-4021-8452-a4f4c7df33db
Driver info: org.openqa.selenium.remote.RemoteWebDriver
Capabilities [{platform=MAC, acceptSslCerts=true, javascriptEnabled=true, browserName=firefox, rotatable=false, locationContextEnabled=true, webdriver.remote.sessionid=b3cbc671-6817-4021-8452-a4f4c7df33db, version=20.0, cssSelectorsEnabled=true, databaseEnabled=true, handlesAlerts=true, browserConnectionEnabled=true, webStorageEnabled=true, nativeEvents=false, applicationCacheEnabled=true, takesScreenshot=true}]
	at sun.reflect.NativeConstructorAccessorImpl.newInstance0(Native Method)
	at sun.reflect.NativeConstructorAccessorImpl.newInstance(NativeConstructorAccessorImpl.java:39)
	at sun.reflect.DelegatingConstructorAccessorImpl.newInstance(DelegatingConstructorAccessorImpl.java:27)
	at java.lang.reflect.Constructor.newInstance(Constructor.java:513)
	at org.openqa.selenium.remote.ErrorHandler.createThrowable(ErrorHandler.java:187)
	at org.openqa.selenium.remote.ErrorHandler.throwIfResponseFailed(ErrorHandler.java:145)
	at org.openqa.selenium.remote.RemoteWebDriver.execute(RemoteWebDriver.java:554)
	at org.openqa.selenium.remote.RemoteWebDriver.execute(RemoteWebDriver.java:569)
	at org.openqa.selenium.remote.RemoteWebDriver.getPageSource(RemoteWebDriver.java:414)
	at com.sjsu.tests.WalmartShoppingCartTest.googleSearch(WalmartShoppingCartTest.java:152)
	at sun.reflect.NativeMethodAccessorImpl.invoke0(Native Method)
	at sun.reflect.NativeMethodAccessorImpl.invoke(NativeMethodAccessorImpl.java:39)
	at sun.reflect.DelegatingMethodAccessorImpl.invoke(DelegatingMethodAccessorImpl.java:25)
	at java.lang.reflect.Method.invoke(Method.java:597)
	at org.testng.internal.MethodInvocationHelper.invokeMethod(MethodInvocationHelper.java:84)
	at org.testng.internal.Invoker.invokeMethod(Invoker.java:714)
	at org.testng.internal.Invoker.invokeTestMethod(Invoker.java:901)
	at org.testng.internal.Invoker.invokeTestMethods(Invoker.java:1231)
	at org.testng.internal.TestMethodWorker.invokeTestMethods(TestMethodWorker.java:127)
	at org.testng.internal.TestMethodWorker.run(TestMethodWorker.java:111)
	at org.testng.internal.thread.ThreadUtil$2.call(ThreadUtil.java:64)
	at java.util.concurrent.FutureTask$Sync.innerRun(FutureTask.java:303)
	at java.util.concurrent.FutureTask.run(FutureTask.java:138)
	at java.util.concurrent.ThreadPoolExecutor$Worker.runTask(ThreadPoolExecutor.java:895)
	at java.util.concurrent.ThreadPoolExecutor$Worker.run(ThreadPoolExecutor.java:918)
	at java.lang.Thread.run(Thread.java:680)
Caused by: org.openqa.grid.common.exception.GridException: Session [b3cbc671-6817-4021-8452-a4f4c7df33db] was terminated due to TIMEOUT
	at org.openqa.grid.internal.ActiveTestSessions.getExistingSession(ActiveTestSessions.java:104)
	at org.openqa.grid.internal.Registry.getExistingSession(Registry.java:423)
	at org.openqa.grid.web.servlet.handler.RequestHandler.getSession(RequestHandler.java:234)
	at org.openqa.grid.web.servlet.handler.RequestHandler.process(RequestHandler.java:116)
	at org.openqa.grid.web.servlet.DriverServlet.process(DriverServlet.java:84)
	at org.openqa.grid.web.servlet.DriverServlet.doGet(DriverServlet.java:62)
	at javax.servlet.http.HttpServlet.service(HttpServlet.java:707)
	at javax.servlet.http.HttpServlet.service(HttpServlet.java:820)
	at org.seleniumhq.jetty7.servlet.ServletHolder.handle(ServletHolder.java:565)
	at org.seleniumhq.jetty7.servlet.ServletHandler.doHandle(ServletHandler.java:479)
	at org.seleniumhq.jetty7.server.session.SessionHandler.doHandle(SessionHandler.java:225)
	at org.seleniumhq.jetty7.server.handler.ContextHandler.doHandle(ContextHandler.java:1031)
	at org.seleniumhq.jetty7.servlet.ServletHandler.doScope(ServletHandler.java:406)
	at org.seleniumhq.jetty7.server.session.SessionHandler.doScope(SessionHandler.java:186)
	at org.seleniumhq.jetty7.server.handler.ContextHandler.doScope(ContextHandler.java:965)
	at org.seleniumhq.jetty7.server.handler.ScopedHandler.handle(ScopedHandler.java:117)
	at org.seleniumhq.jetty7.server.handler.HandlerWrapper.handle(HandlerWrapper.java:111)
	at org.seleniumhq.jetty7.server.Server.handle(Server.java:349)
	at org.seleniumhq.jetty7.server.AbstractHttpConnection.handleRequest(AbstractHttpConnection.java:452)
	at org.seleniumhq.jetty7.server.BlockingHttpConnection.handleRequest(BlockingHttpConnection.java:47)
	at org.seleniumhq.jetty7.server.AbstractHttpConnection.headerComplete(AbstractHttpConnection.java:884)
	at org.seleniumhq.jetty7.server.AbstractHttpConnection$RequestHandler.headerComplete(AbstractHttpConnection.java:938)
	at org.seleniumhq.jetty7.http.HttpParser.parseNext(HttpParser.java:634)
	at org.seleniumhq.jetty7.http.HttpParser.parseAvailable(HttpParser.java:230)
	at org.seleniumhq.jetty7.server.BlockingHttpConnection.handle(BlockingHttpConnection.java:66)
	at org.seleniumhq.jetty7.server.bio.SocketConnector$ConnectorEndPoint.run(SocketConnector.java:254)
	at org.seleniumhq.jetty7.util.thread.QueuedThreadPool.runJob(QueuedThreadPool.java:599)
	at org.seleniumhq.jetty7.util.thread.QueuedThreadPool$3.run(QueuedThreadPool.java:534)
	... 1 more
]]>
    </failure>
  </testcase> <!-- googleSearch -->
  <testcase name="googleSearch" time="45.925" classname="com.sjsu.tests.WalmartShoppingCartTest">
    <failure type="org.openqa.selenium.WebDriverException" message="Session [042dbc74-01a0-46c8-8784-85cf00c6d6ef] was terminated due to TIMEOUT
Command duration or timeout: 4 milliseconds
Build info: version: &#039;2.31.0&#039;, revision: &#039;1bd294d&#039;, time: &#039;2013-02-27 20:53:56&#039;
System info: os.name: &#039;Mac OS X&#039;, os.arch: &#039;x86_64&#039;, os.version: &#039;10.8.3&#039;, java.version: &#039;1.6.0_41&#039;
Session ID: 042dbc74-01a0-46c8-8784-85cf00c6d6ef
Driver info: org.openqa.selenium.remote.RemoteWebDriver
Capabilities [{platform=MAC, acceptSslCerts=true, javascriptEnabled=true, browserName=firefox, rotatable=false, locationContextEnabled=true, webdriver.remote.sessionid=042dbc74-01a0-46c8-8784-85cf00c6d6ef, version=20.0, cssSelectorsEnabled=true, databaseEnabled=true, handlesAlerts=true, browserConnectionEnabled=true, webStorageEnabled=true, nativeEvents=false, applicationCacheEnabled=true, takesScreenshot=true}]">
      <![CDATA[org.openqa.selenium.WebDriverException: Session [042dbc74-01a0-46c8-8784-85cf00c6d6ef] was terminated due to TIMEOUT
Command duration or timeout: 4 milliseconds
Build info: version: '2.31.0', revision: '1bd294d', time: '2013-02-27 20:53:56'
System info: os.name: 'Mac OS X', os.arch: 'x86_64', os.version: '10.8.3', java.version: '1.6.0_41'
Session ID: 042dbc74-01a0-46c8-8784-85cf00c6d6ef
Driver info: org.openqa.selenium.remote.RemoteWebDriver
Capabilities [{platform=MAC, acceptSslCerts=true, javascriptEnabled=true, browserName=firefox, rotatable=false, locationContextEnabled=true, webdriver.remote.sessionid=042dbc74-01a0-46c8-8784-85cf00c6d6ef, version=20.0, cssSelectorsEnabled=true, databaseEnabled=true, handlesAlerts=true, browserConnectionEnabled=true, webStorageEnabled=true, nativeEvents=false, applicationCacheEnabled=true, takesScreenshot=true}]
	at sun.reflect.NativeConstructorAccessorImpl.newInstance0(Native Method)
	at sun.reflect.NativeConstructorAccessorImpl.newInstance(NativeConstructorAccessorImpl.java:39)
	at sun.reflect.DelegatingConstructorAccessorImpl.newInstance(DelegatingConstructorAccessorImpl.java:27)
	at java.lang.reflect.Constructor.newInstance(Constructor.java:513)
	at org.openqa.selenium.remote.ErrorHandler.createThrowable(ErrorHandler.java:187)
	at org.openqa.selenium.remote.ErrorHandler.throwIfResponseFailed(ErrorHandler.java:145)
	at org.openqa.selenium.remote.RemoteWebDriver.execute(RemoteWebDriver.java:554)
	at org.openqa.selenium.remote.RemoteWebDriver.execute(RemoteWebDriver.java:569)
	at org.openqa.selenium.remote.RemoteWebDriver.getPageSource(RemoteWebDriver.java:414)
	at com.sjsu.tests.WalmartShoppingCartTest.googleSearch(WalmartShoppingCartTest.java:152)
	at sun.reflect.NativeMethodAccessorImpl.invoke0(Native Method)
	at sun.reflect.NativeMethodAccessorImpl.invoke(NativeMethodAccessorImpl.java:39)
	at sun.reflect.DelegatingMethodAccessorImpl.invoke(DelegatingMethodAccessorImpl.java:25)
	at java.lang.reflect.Method.invoke(Method.java:597)
	at org.testng.internal.MethodInvocationHelper.invokeMethod(MethodInvocationHelper.java:84)
	at org.testng.internal.Invoker.invokeMethod(Invoker.java:714)
	at org.testng.internal.Invoker.invokeTestMethod(Invoker.java:901)
	at org.testng.internal.Invoker.invokeTestMethods(Invoker.java:1231)
	at org.testng.internal.TestMethodWorker.invokeTestMethods(TestMethodWorker.java:127)
	at org.testng.internal.TestMethodWorker.run(TestMethodWorker.java:111)
	at org.testng.internal.thread.ThreadUtil$2.call(ThreadUtil.java:64)
	at java.util.concurrent.FutureTask$Sync.innerRun(FutureTask.java:303)
	at java.util.concurrent.FutureTask.run(FutureTask.java:138)
	at java.util.concurrent.ThreadPoolExecutor$Worker.runTask(ThreadPoolExecutor.java:895)
	at java.util.concurrent.ThreadPoolExecutor$Worker.run(ThreadPoolExecutor.java:918)
	at java.lang.Thread.run(Thread.java:680)
Caused by: org.openqa.grid.common.exception.GridException: Session [042dbc74-01a0-46c8-8784-85cf00c6d6ef] was terminated due to TIMEOUT
	at org.openqa.grid.internal.ActiveTestSessions.getExistingSession(ActiveTestSessions.java:104)
	at org.openqa.grid.internal.Registry.getExistingSession(Registry.java:423)
	at org.openqa.grid.web.servlet.handler.RequestHandler.getSession(RequestHandler.java:234)
	at org.openqa.grid.web.servlet.handler.RequestHandler.process(RequestHandler.java:116)
	at org.openqa.grid.web.servlet.DriverServlet.process(DriverServlet.java:84)
	at org.openqa.grid.web.servlet.DriverServlet.doGet(DriverServlet.java:62)
	at javax.servlet.http.HttpServlet.service(HttpServlet.java:707)
	at javax.servlet.http.HttpServlet.service(HttpServlet.java:820)
	at org.seleniumhq.jetty7.servlet.ServletHolder.handle(ServletHolder.java:565)
	at org.seleniumhq.jetty7.servlet.ServletHandler.doHandle(ServletHandler.java:479)
	at org.seleniumhq.jetty7.server.session.SessionHandler.doHandle(SessionHandler.java:225)
	at org.seleniumhq.jetty7.server.handler.ContextHandler.doHandle(ContextHandler.java:1031)
	at org.seleniumhq.jetty7.servlet.ServletHandler.doScope(ServletHandler.java:406)
	at org.seleniumhq.jetty7.server.session.SessionHandler.doScope(SessionHandler.java:186)
	at org.seleniumhq.jetty7.server.handler.ContextHandler.doScope(ContextHandler.java:965)
	at org.seleniumhq.jetty7.server.handler.ScopedHandler.handle(ScopedHandler.java:117)
	at org.seleniumhq.jetty7.server.handler.HandlerWrapper.handle(HandlerWrapper.java:111)
	at org.seleniumhq.jetty7.server.Server.handle(Server.java:349)
	at org.seleniumhq.jetty7.server.AbstractHttpConnection.handleRequest(AbstractHttpConnection.java:452)
	at org.seleniumhq.jetty7.server.BlockingHttpConnection.handleRequest(BlockingHttpConnection.java:47)
	at org.seleniumhq.jetty7.server.AbstractHttpConnection.headerComplete(AbstractHttpConnection.java:884)
	at org.seleniumhq.jetty7.server.AbstractHttpConnection$RequestHandler.headerComplete(AbstractHttpConnection.java:938)
	at org.seleniumhq.jetty7.http.HttpParser.parseNext(HttpParser.java:634)
	at org.seleniumhq.jetty7.http.HttpParser.parseAvailable(HttpParser.java:230)
	at org.seleniumhq.jetty7.server.BlockingHttpConnection.handle(BlockingHttpConnection.java:66)
	at org.seleniumhq.jetty7.server.bio.SocketConnector$ConnectorEndPoint.run(SocketConnector.java:254)
	at org.seleniumhq.jetty7.util.thread.QueuedThreadPool.runJob(QueuedThreadPool.java:599)
	at org.seleniumhq.jetty7.util.thread.QueuedThreadPool$3.run(QueuedThreadPool.java:534)
	... 1 more
]]>
    </failure>
  </testcase> <!-- googleSearch -->
  <testcase name="googleSearch" time="23.632" classname="com.sjsu.tests.WalmartShoppingCartTest"/>
  <testcase name="googleSearch" time="30.894" classname="com.sjsu.tests.WalmartShoppingCartTest"/>
  <testcase name="googleSearch" time="29.276" classname="com.sjsu.tests.WalmartShoppingCartTest"/>
  <testcase name="googleSearch" time="33.645" classname="com.sjsu.tests.WalmartShoppingCartTest"/>
  <testcase name="googleSearch" time="25.376" classname="com.sjsu.tests.WalmartShoppingCartTest"/>
</testsuite> <!-- com.sjsu.tests.WalmartShoppingCartTest -->
